[2020-08-27T08:33:21.398] [DEBUG] default - mobile price  = 85000
[2020-08-27T08:33:21.412] [DEBUG] default - mobile price  = 185000
[2020-08-27T08:33:21.430] [DEBUG] default - mobile price  = 235000
[2020-08-27T08:33:37.259] [DEBUG] default - calculation result  = 12
[2020-08-27T08:33:37.285] [DEBUG] default - calculation result  = 4
[2020-08-27T08:33:37.311] [DEBUG] default - calculation result  = 2
[2020-08-27T08:33:37.337] [DEBUG] default - calculation result  = 6
[2020-08-27T08:33:46.515] [DEBUG] default - calculation result  = 12
[2020-08-27T08:33:46.543] [DEBUG] default - calculation result  = 4
[2020-08-27T08:33:46.568] [DEBUG] default - calculation result  = 2
[2020-08-27T08:33:46.593] [DEBUG] default - calculation result  = 18
[2020-08-27T10:10:59.130] [DEBUG] default - calculation result  = 12
[2020-08-27T10:10:59.174] [DEBUG] default - calculation result  = 4
[2020-08-27T10:10:59.217] [DEBUG] default - calculation result  = 2
[2020-08-27T10:10:59.259] [DEBUG] default - calculation result  = 6
[2020-08-27T10:11:09.066] [DEBUG] default - calculation result  = 12
[2020-08-27T10:11:09.100] [DEBUG] default - calculation result  = 4
[2020-08-27T10:11:09.138] [DEBUG] default - calculation result  = 2
[2020-08-27T10:11:09.168] [DEBUG] default - calculation result  = 18
[2020-08-27T10:11:59.265] [DEBUG] default - calculation result  = 12
[2020-08-27T10:11:59.309] [DEBUG] default - calculation result  = 4
[2020-08-27T10:11:59.343] [DEBUG] default - calculation result  = 2
[2020-08-27T10:11:59.378] [DEBUG] default - calculation result  = 6
[2020-08-27T10:12:08.893] [DEBUG] default - calculation result  = 12
[2020-08-27T10:12:08.933] [DEBUG] default - calculation result  = 4
[2020-08-27T10:12:08.977] [DEBUG] default - calculation result  = 2
[2020-08-27T10:12:09.015] [DEBUG] default - calculation result  = 18
[2020-08-27T22:09:44.503] [DEBUG] default - mobile price  = 85000
[2020-08-27T22:09:44.526] [DEBUG] default - mobile price  = 185000
[2020-08-27T22:09:44.551] [DEBUG] default - mobile price  = 235000
[2020-08-27T22:11:08.489] [DEBUG] default - mobile price  = 85000
[2020-08-27T22:11:08.503] [DEBUG] default - mobile price  = 185000
[2020-08-27T22:11:08.519] [DEBUG] default - mobile price  = 235000
[2020-08-27T22:14:03.969] [DEBUG] default - mobile price  = 85000
[2020-08-27T22:14:03.985] [DEBUG] default - mobile price  = 185000
[2020-08-27T22:14:04.001] [DEBUG] default - mobile price  = 235000
[2020-08-28T07:12:27.363] [DEBUG] default - mobile price  = 85000
[2020-08-28T07:12:27.380] [DEBUG] default - mobile price  = 185000
[2020-08-28T07:12:27.409] [DEBUG] default - mobile price  = 235000
[2020-08-28T07:35:34.309] [DEBUG] default - mobile price  = 85000
[2020-08-28T07:35:34.326] [DEBUG] default - mobile price  = 185000
[2020-08-28T07:35:34.341] [DEBUG] default - mobile price  = 235000
[2020-08-28T08:32:57.788] [DEBUG] default - LEFT
[2020-08-28T08:33:01.120] [DEBUG] default - mobile price  = 85000
[2020-08-28T08:33:01.149] [DEBUG] default - mobile price  = 185000
[2020-08-28T08:33:01.173] [DEBUG] default - mobile price  = 235000
[2020-08-28T08:42:57.246] [DEBUG] default - mobile price  = 85000
[2020-08-28T08:42:57.273] [DEBUG] default - mobile price  = 185000
[2020-08-28T08:42:57.293] [DEBUG] default - mobile price  = 235000
[2020-08-28T08:49:14.390] [DEBUG] default - mobile price  = 85000
[2020-08-28T08:49:14.405] [DEBUG] default - mobile price  = 185000
[2020-08-28T08:49:14.418] [DEBUG] default - mobile price  = 235000
[2020-08-28T08:50:04.711] [DEBUG] default - mobile price  = 85000
[2020-08-28T08:50:04.724] [DEBUG] default - mobile price  = 185000
[2020-08-28T08:50:04.737] [DEBUG] default - mobile price  = 235000
[2020-08-28T08:52:07.071] [DEBUG] default - mobile price  = 85000
[2020-08-28T08:52:07.084] [DEBUG] default - mobile price  = 185000
[2020-08-28T08:52:07.097] [DEBUG] default - mobile price  = 235000
[2020-08-28T09:01:37.028] [DEBUG] default - LEFT
[2020-08-28T09:01:41.549] [DEBUG] default - mobile price  = 85000
[2020-08-28T09:01:41.562] [DEBUG] default - mobile price  = 185000
[2020-08-28T09:01:41.577] [DEBUG] default - mobile price  = 235000
[2020-08-28T09:02:39.858] [DEBUG] default - mobile price  = 85000
[2020-08-28T09:02:39.870] [DEBUG] default - mobile price  = 185000
[2020-08-28T09:02:39.885] [DEBUG] default - mobile price  = 235000
[2020-08-28T09:03:33.780] [DEBUG] default - LEFT
[2020-08-28T09:03:37.051] [DEBUG] default - mobile price  = 85000
[2020-08-28T09:03:37.070] [DEBUG] default - mobile price  = 185000
[2020-08-28T09:03:37.087] [DEBUG] default - mobile price  = 235000
[2020-08-28T10:34:01.505] [DEBUG] default - mobile price  = 85000
[2020-08-28T10:34:01.526] [DEBUG] default - mobile price  = 185000
[2020-08-28T10:34:01.552] [DEBUG] default - mobile price  = 235000
[2020-08-28T10:35:30.493] [DEBUG] default - mobile price  = 85000
[2020-08-28T10:35:30.511] [DEBUG] default - mobile price  = 185000
[2020-08-28T10:35:30.525] [DEBUG] default - mobile price  = 235000
[2020-08-28T10:36:47.094] [DEBUG] default - mobile price  = 85000
[2020-08-28T10:36:47.111] [DEBUG] default - mobile price  = 185000
[2020-08-28T10:36:47.131] [DEBUG] default - mobile price  = 235000
[2020-08-28T10:42:59.553] [DEBUG] default - mobile price  = 85000
[2020-08-28T10:42:59.602] [DEBUG] default - mobile price  = 185000
[2020-08-28T10:42:59.631] [DEBUG] default - mobile price  = 235000
[2020-08-28T10:45:23.062] [DEBUG] default - mobile price  = 85000
[2020-08-28T10:45:23.078] [DEBUG] default - mobile price  = 185000
[2020-08-28T10:45:23.094] [DEBUG] default - mobile price  = 235000
[2020-08-28T10:46:01.921] [DEBUG] default - frame-left
[2020-08-28T10:46:01.934] [DEBUG] default - frame-middle
[2020-08-28T10:46:01.946] [DEBUG] default - frame-right
[2020-08-28T10:46:04.908] [DEBUG] default - mobile price  = 85000
[2020-08-28T10:46:04.924] [DEBUG] default - mobile price  = 185000
[2020-08-28T10:46:04.944] [DEBUG] default - mobile price  = 235000
